Added Component: Designator=J8(BM04B-SRSS-TB)
Add component (AddParameter): Name = "Alternate Part Number-1"; Value = "NA"; VariantName = "[No Variations]"
Add component (AddParameter): Name = "Case/Package"; Value = "TH-CON"; VariantName = "[No Variations]"
Add component (AddParameter): Name = "Crimp Part Number"; Value = "65300113722DEC"; VariantName = "[No Variations]"
Add component (AddParameter): Name = "Manufacturer"; Value = "WE"; VariantName = "[No Variations]"
Add component (AddParameter): Name = "Manufacturer Part Number"; Value = "653104131822"; VariantName = "[No Variations]"
Add component (AddParameter): Name = "Mating Part Number"; Value = "653004113322"; VariantName = "[No Variations]"
Add component (AddParameter): Name = "Supplier Part Number-1"; Value = "653104131822"; VariantName = "[No Variations]"
Add component (AddParameter): Name = "Supplier-1"; Value = "WURTH"; VariantName = "[No Variations]"
Added Component: Designator=J9(BM04B-SRSS-TB)
Add component (AddParameter): Name = "Alternate Part Number-1"; Value = "NA"; VariantName = "[No Variations]"
Add component (AddParameter): Name = "Case/Package"; Value = "TH-CON"; VariantName = "[No Variations]"
Add component (AddParameter): Name = "Crimp Part Number"; Value = "65300113722DEC"; VariantName = "[No Variations]"
Add component (AddParameter): Name = "Manufacturer"; Value = "WE"; VariantName = "[No Variations]"
Add component (AddParameter): Name = "Manufacturer Part Number"; Value = "653104131822"; VariantName = "[No Variations]"
Add component (AddParameter): Name = "Mating Part Number"; Value = "653004113322"; VariantName = "[No Variations]"
Add component (AddParameter): Name = "Supplier Part Number-1"; Value = "653104131822"; VariantName = "[No Variations]"
Add component (AddParameter): Name = "Supplier-1"; Value = "WURTH"; VariantName = "[No Variations]"
Added Pin To Net: NetName=GND Pin=J8-1
Added Pin To Net: NetName=+3.3V Pin=J8-2
Added Pin To Net: NetName=NetR92_1 Pin=J8-3
Added Pin To Net: NetName=NetR93_1 Pin=J8-4
Added Pin To Net: NetName=GND Pin=J9-1
Added Pin To Net: NetName=+3.3V Pin=J9-2
Added Pin To Net: NetName=NetR99_1 Pin=J9-3
Added Pin To Net: NetName=NetR100_1 Pin=J9-4
Change Net Name : Old Net Name=NetR92_1 New Net Name=NetJ8_3
Change Net Name : Old Net Name=NetR93_1 New Net Name=NetJ8_4
Change Net Name : Old Net Name=NetR99_1 New Net Name=NetJ9_3
Change Net Name : Old Net Name=NetR100_1 New Net Name=NetJ9_4
Added Member To Class: ClassName=I2C_SENSOR Member=Component J8 BM04B-SRSS-TB
Added Member To Class: ClassName=I2C_SENSOR Member=Component J9 BM04B-SRSS-TB
