Added Component: Designator=C1(CAP-TAN-2312)
Added Component: Designator=C2(CAP-TAN-2312)
Added Component: Designator=C3(CAP-CER-0603)
Added Component: Designator=C4(CAP-CER-0603)
Added Component: Designator=C5(CAP-CER-0603)
Added Component: Designator=C6(CAP-CER-0603)
Added Component: Designator=C7(CAP-CER-0603)
Added Component: Designator=C8(CAP-TAN-2312)
Added Component: Designator=C9(CAP-TAN-2312)
Added Component: Designator=C10(CAP-CER-0603)
Added Component: Designator=C11(CAP-CER-0603)
Added Component: Designator=C12(CAP-TAN-2312)
Added Component: Designator=C13(CAP-TAN-2312)
Added Component: Designator=C14(CAP-CER-0603)
Added Component: Designator=C15(CAP-CER-0603)
Added Component: Designator=C16(CAP-CER-0603)
Added Component: Designator=C17(CAP-TAN-2312)
Added Component: Designator=C18(CAP-TAN-2312)
Added Component: Designator=C19(CAP-CER-0603)
Added Component: Designator=C20(CAP-CER-0603)
Added Component: Designator=C21(CAP-CER-0603)
Added Component: Designator=D1(DIODE SMA)
Added Component: Designator=D2(DIODE SMA)
Added Component: Designator=D3(DIODE SMA)
Added Component: Designator=DS1(LED-SMD-0603)
Added Component: Designator=DS2(LED-SMD-0603)
Added Component: Designator=DS3(LED-SMD-0603)
Added Component: Designator=DS4(LED-SMD-0603)
Added Component: Designator=JP1(JP 1x2 DT)
Add component (AddParameter): Name = "Chung_Loai"; Value = "C?m"; VariantName = "[No Variations]"
Add component (AddParameter): Name = "Don_Vi"; Value = "Con"; VariantName = "[No Variations]"
Add component (AddParameter): Name = "Ghi_Chu"; Value = ""; VariantName = "[No Variations]"
Add component (AddParameter): Name = "Kieu_Chan"; Value = ""; VariantName = "[No Variations]"
Add component (AddParameter): Name = "Ma_Hang"; Value = "MH000903"; VariantName = "[No Variations]"
Add component (AddParameter): Name = "Ten_Linh_Kien"; Value = "Jump Ðon Ð?c 2.54MM 1x40P Th?ng 11MM"; VariantName = "[No Variations]"
Added Component: Designator=JP2(JP 1x2 DT)
Add component (AddParameter): Name = "Chung_Loai"; Value = "C?m"; VariantName = "[No Variations]"
Add component (AddParameter): Name = "Don_Vi"; Value = "Con"; VariantName = "[No Variations]"
Add component (AddParameter): Name = "Ghi_Chu"; Value = ""; VariantName = "[No Variations]"
Add component (AddParameter): Name = "Kieu_Chan"; Value = ""; VariantName = "[No Variations]"
Add component (AddParameter): Name = "Ma_Hang"; Value = "MH000903"; VariantName = "[No Variations]"
Add component (AddParameter): Name = "Ten_Linh_Kien"; Value = "Jump Ðon Ð?c 2.54MM 1x40P Th?ng 11MM"; VariantName = "[No Variations]"
Added Component: Designator=L1(INDUCTOR-FIXED IND 22UH 2.5A 170 MOHM SMD)
Add component (AddParameter): Name = "Availability"; Value = "Good"; VariantName = "[No Variations]"
Add component (AddParameter): Name = "Check_prices"; Value = "https://www.snapeda.com/parts/LQM18PZ2R2MFHD/Murata/view-part/1498702/?ref=eda"; VariantName = "[No Variations]"
Add component (AddParameter): Name = "MF"; Value = "Murata"; VariantName = "[No Variations]"
Add component (AddParameter): Name = "MP"; Value = "LQM18PZ2R2MFHD"; VariantName = "[No Variations]"
Add component (AddParameter): Name = "Package"; Value = "1608 Murata"; VariantName = "[No Variations]"
Add component (AddParameter): Name = "Price"; Value = "None"; VariantName = "[No Variations]"
Add component (AddParameter): Name = "Purchase-URL"; Value = "https://pricing.snapeda.com/search/part/LQM18PZ2R2MFHD/?ref=eda"; VariantName = "[No Variations]"
Add component (AddParameter): Name = "SnapEDA_Link"; Value = "https://www.snapeda.com/parts/LQM18PZ2R2MFHD/Murata/view-part/1498702/?ref=snap"; VariantName = "[No Variations]"
Add component (AddParameter): Name = "Value"; Value = ""; VariantName = "[No Variations]"
Added Component: Designator=R1(RES-SMD-0603)
Added Component: Designator=R2(RES-SMD-0603)
Added Component: Designator=R3(RES-SMD-0603)
Added Component: Designator=R4(RES-SMD-0603)
Added Component: Designator=R5(RES-SMD-0603)
Added Component: Designator=R6(RES-SMD-0603)
Added Component: Designator=R7(RES-SMD-0603)
Added Component: Designator=R9(RES-SMD-0603)
Added Component: Designator=R10(RES-SMD-0603)
Added Component: Designator=R11(RES-SMD-0603)
Added Component: Designator=R12(RES-SMD-0603)
Added Component: Designator=R13(RES-SMD-0603)
Added Component: Designator=R14(RES-SMD-0603)
Added Component: Designator=R15(RES-SMD-0603)
Added Component: Designator=R16(RES-SMD-0603)
Added Component: Designator=R17(RES-SMD-0603)
Added Component: Designator=R18(RES-SMD-0603)
Added Component: Designator=R19(RES-SMD-0603)
Added Component: Designator=R20(RES-SMD-0603)
Added Component: Designator=R135(RES-SMD-0603)
Added Component: Designator=R149(RES-SMD-0603)
Added Component: Designator=TVS1(TVS2200DRVR)
Added Component: Designator=TVS2(TVS2200DRVR)
Added Component: Designator=U1(VQFN-HR-10)
Add component (AddParameter): Name = "Manufacturer"; Value = "Texas Instruments"; VariantName = "[No Variations]"
Add component (AddParameter): Name = "Manufacturer Part Number"; Value = "TPS259472ARPWR"; VariantName = "[No Variations]"
Added Component: Designator=U2(VQFN-HR-10)
Add component (AddParameter): Name = "Manufacturer"; Value = "Texas Instruments"; VariantName = "[No Variations]"
Add component (AddParameter): Name = "Manufacturer Part Number"; Value = "TPS259472ARPWR"; VariantName = "[No Variations]"
Added Component: Designator=U3(TPS5430DDAR)
Added Component: Designator=U4(TPS7A4533DCQR)
Added Pin To Net: NetName=GND Pin=C1-2
Added Pin To Net: NetName=+12V Pin=C2-1
Added Pin To Net: NetName=GND Pin=C2-2
Added Pin To Net: NetName=GND Pin=C3-1
Added Pin To Net: NetName=GND Pin=C4-1
Added Pin To Net: NetName=+12V Pin=C6-2
Added Pin To Net: NetName=+5v Pin=C7-1
Added Pin To Net: NetName=+5v Pin=C8-1
Added Pin To Net: NetName=GND Pin=C8-2
Added Pin To Net: NetName=+12V Pin=C9-1
Added Pin To Net: NetName=GND Pin=C9-2
Added Pin To Net: NetName=GND Pin=C10-1
Added Pin To Net: NetName=GND Pin=C11-2
Added Pin To Net: NetName=+5v Pin=C12-1
Added Pin To Net: NetName=GND Pin=C12-2
Added Pin To Net: NetName=HEATER_1_A Pin=C13-1
Added Pin To Net: NetName=GND Pin=C13-2
Added Pin To Net: NetName=GND Pin=C14-1
Added Pin To Net: NetName=GND Pin=C15-1
Added Pin To Net: NetName=+5v Pin=C16-2
Added Pin To Net: NetName=+5v Pin=C17-1
Added Pin To Net: NetName=GND Pin=C17-2
Added Pin To Net: NetName=NTC1+ Pin=C18-1
Added Pin To Net: NetName=GND Pin=C18-2
Added Pin To Net: NetName=NTC1+ Pin=C19-2
Added Pin To Net: NetName=GND Pin=C20-1
Added Pin To Net: NetName=GND Pin=C21-1
Added Pin To Net: NetName=GND Pin=D1-1
Added Pin To Net: NetName=+12V Pin=D1-2
Added Pin To Net: NetName=GND Pin=D2-1
Added Pin To Net: NetName=GND Pin=D3-1
Added Pin To Net: NetName=HEATER_1_A Pin=D3-2
Added Pin To Net: NetName=+12V Pin=DS1-A
Added Pin To Net: NetName=+5v Pin=DS2-A
Added Pin To Net: NetName=HEATER_1_A Pin=DS3-A
Added Pin To Net: NetName=NTC1+ Pin=DS4-A
Added Pin To Net: NetName=+12V Pin=JP1-2
Added Pin To Net: NetName=+5v Pin=JP2-1
Added Pin To Net: NetName=HEATER_1_A Pin=JP2-2
Added Pin To Net: NetName=+5v Pin=L1-2
Added Pin To Net: NetName=NTC1+ Pin=R3-1
Added Pin To Net: NetName=MCU_EF_12_AUX Pin=R4-2
Added Pin To Net: NetName=GND Pin=R5-1
Added Pin To Net: NetName=GND Pin=R6-2
Added Pin To Net: NetName=GND Pin=R7-1
Added Pin To Net: NetName=+5v Pin=R9-2
Added Pin To Net: NetName=GND Pin=R10-1
Added Pin To Net: NetName=GND Pin=R11-1
Added Pin To Net: NetName=+5v Pin=R12-2
Added Pin To Net: NetName=MCU_EF_5_EN Pin=R13-2
Added Pin To Net: NetName=NTC1+ Pin=R14-1
Added Pin To Net: NetName=MCU_EF_5_AUX Pin=R15-2
Added Pin To Net: NetName=GND Pin=R16-1
Added Pin To Net: NetName=GND Pin=R17-1
Added Pin To Net: NetName=GND Pin=R18-1
Added Pin To Net: NetName=GND Pin=R19-1
Added Pin To Net: NetName=GND Pin=R20-1
Added Pin To Net: NetName=NTC1+ Pin=R135-1
Added Pin To Net: NetName=NTC1+ Pin=R149-1
Added Pin To Net: NetName=GND Pin=TVS1-1
Added Pin To Net: NetName=GND Pin=TVS1-2
Added Pin To Net: NetName=GND Pin=TVS1-3
Added Pin To Net: NetName=GND Pin=TVS1-7
Added Pin To Net: NetName=GND Pin=TVS2-1
Added Pin To Net: NetName=GND Pin=TVS2-2
Added Pin To Net: NetName=GND Pin=TVS2-3
Added Pin To Net: NetName=+5v Pin=TVS2-4
Added Pin To Net: NetName=+5v Pin=TVS2-5
Added Pin To Net: NetName=+5v Pin=TVS2-6
Added Pin To Net: NetName=GND Pin=TVS2-7
Added Pin To Net: NetName=+12V Pin=U1-6
Added Pin To Net: NetName=GND Pin=U1-8
Added Pin To Net: NetName=+5v Pin=U2-5
Added Pin To Net: NetName=HEATER_1_A Pin=U2-6
Added Pin To Net: NetName=GND Pin=U2-8
Added Pin To Net: NetName=GND Pin=U3-6
Added Pin To Net: NetName=+12V Pin=U3-7
Added Pin To Net: NetName=GND Pin=U3-9
Added Pin To Net: NetName=+5v Pin=U4-1
Added Pin To Net: NetName=+5v Pin=U4-2
Added Pin To Net: NetName=GND Pin=U4-3
Added Pin To Net: NetName=NTC1+ Pin=U4-4
Added Pin To Net: NetName=NTC1+ Pin=U4-5
Added Pin To Net: NetName=GND Pin=U4-6
Added Pin To Net: NetName=+12V_EXP Pin=C1-1
Added Pin To Net: NetName=+12V_EXP Pin=JP1-1
Added Pin To Net: NetName=+12V_EXP Pin=R2-1
Added Pin To Net: NetName=+12V_EXP Pin=TVS1-4
Added Pin To Net: NetName=+12V_EXP Pin=TVS1-5
Added Pin To Net: NetName=+12V_EXP Pin=TVS1-6
Added Pin To Net: NetName=+12V_EXP Pin=U1-5
Added Net: Name=+12V_EXP
Added Pin To Net: NetName=NetC3_2 Pin=C3-2
Added Pin To Net: NetName=NetC3_2 Pin=U1-7
Added Pin To Net: NetName=NetC3_2 Pin=U1-7
Added Net: Name=NetC3_2
Added Pin To Net: NetName=NetC4_2 Pin=C4-2
Added Pin To Net: NetName=NetC4_2 Pin=U1-10
Added Pin To Net: NetName=NetC4_2 Pin=U1-10
Added Net: Name=NetC4_2
Added Pin To Net: NetName=NetC5_1 Pin=C5-1
Added Pin To Net: NetName=NetC5_1 Pin=D2-2
Added Pin To Net: NetName=NetC5_1 Pin=L1-1
Added Pin To Net: NetName=NetC5_1 Pin=U3-8
Added Net: Name=NetC5_1
Added Pin To Net: NetName=NetC5_2 Pin=C5-2
Added Pin To Net: NetName=NetC5_2 Pin=U3-1
Added Net: Name=NetC5_2
Added Pin To Net: NetName=NetC6_1 Pin=C6-1
Added Pin To Net: NetName=NetC6_1 Pin=C10-2
Added Net: Name=NetC6_1
Added Pin To Net: NetName=NetC7_2 Pin=C7-2
Added Pin To Net: NetName=NetC7_2 Pin=C11-1
Added Net: Name=NetC7_2
Added Pin To Net: NetName=NetC14_2 Pin=C14-2
Added Pin To Net: NetName=NetC14_2 Pin=U2-7
Added Pin To Net: NetName=NetC14_2 Pin=U2-7
Added Net: Name=NetC14_2
Added Pin To Net: NetName=NetC15_2 Pin=C15-2
Added Pin To Net: NetName=NetC15_2 Pin=U2-10
Added Pin To Net: NetName=NetC15_2 Pin=U2-10
Added Net: Name=NetC15_2
Added Pin To Net: NetName=NetC16_1 Pin=C16-1
Added Pin To Net: NetName=NetC16_1 Pin=C20-2
Added Net: Name=NetC16_1
Added Pin To Net: NetName=NetC19_1 Pin=C19-1
Added Pin To Net: NetName=NetC19_1 Pin=C21-2
Added Net: Name=NetC19_1
Added Pin To Net: NetName=NetDS1_K Pin=DS1-K
Added Pin To Net: NetName=NetDS1_K Pin=R5-2
Added Net: Name=NetDS1_K
Added Pin To Net: NetName=NetDS2_K Pin=DS2-K
Added Pin To Net: NetName=NetDS2_K Pin=R10-2
Added Net: Name=NetDS2_K
Added Pin To Net: NetName=NetDS3_K Pin=DS3-K
Added Pin To Net: NetName=NetDS3_K Pin=R16-2
Added Net: Name=NetDS3_K
Added Pin To Net: NetName=NetDS4_K Pin=DS4-K
Added Pin To Net: NetName=NetDS4_K Pin=R20-2
Added Net: Name=NetDS4_K
Added Pin To Net: NetName=NetR1_1 Pin=R1-1
Added Pin To Net: NetName=NetR1_1 Pin=R2-2
Added Pin To Net: NetName=NetR1_1 Pin=U1-1
Added Pin To Net: NetName=NetR1_1 Pin=U1-1
Added Net: Name=NetR1_1
Added Pin To Net: NetName=NetR1_2 Pin=R1-2
Added Pin To Net: NetName=NetR1_2 Pin=R6-1
Added Pin To Net: NetName=NetR1_2 Pin=U1-2
Added Net: Name=NetR1_2
Added Pin To Net: NetName=NetR3_2 Pin=R3-2
Added Pin To Net: NetName=NetR3_2 Pin=R4-1
Added Pin To Net: NetName=NetR3_2 Pin=U1-4
Added Pin To Net: NetName=NetR3_2 Pin=U1-4
Added Net: Name=NetR3_2
Added Pin To Net: NetName=NetR7_2 Pin=R7-2
Added Pin To Net: NetName=NetR7_2 Pin=U1-9
Added Net: Name=NetR7_2
Added Pin To Net: NetName=NetR9_1 Pin=R9-1
Added Pin To Net: NetName=NetR9_1 Pin=R11-2
Added Pin To Net: NetName=NetR9_1 Pin=U3-4
Added Net: Name=NetR9_1
Added Pin To Net: NetName=NetR12_1 Pin=R12-1
Added Pin To Net: NetName=NetR12_1 Pin=R18-2
Added Pin To Net: NetName=NetR12_1 Pin=U2-2
Added Net: Name=NetR12_1
Added Pin To Net: NetName=NetR13_1 Pin=R13-1
Added Pin To Net: NetName=NetR13_1 Pin=R17-2
Added Pin To Net: NetName=NetR13_1 Pin=U2-1
Added Pin To Net: NetName=NetR13_1 Pin=U2-1
Added Net: Name=NetR13_1
Added Pin To Net: NetName=NetR14_2 Pin=R14-2
Added Pin To Net: NetName=NetR14_2 Pin=R15-1
Added Pin To Net: NetName=NetR14_2 Pin=U2-4
Added Pin To Net: NetName=NetR14_2 Pin=U2-4
Added Net: Name=NetR14_2
Added Pin To Net: NetName=NetR19_2 Pin=R19-2
Added Pin To Net: NetName=NetR19_2 Pin=U2-9
Added Net: Name=NetR19_2
Added Pin To Net: NetName=NetR135_2 Pin=R135-2
Added Pin To Net: NetName=NetR135_2 Pin=U1-3
Added Net: Name=NetR135_2
Added Pin To Net: NetName=NetR149_2 Pin=R149-2
Added Pin To Net: NetName=NetR149_2 Pin=U2-3
Added Net: Name=NetR149_2
Added Class: Name=POWER
